<?xml version="1.0" encoding="UTF-8"?>
<!-- Generated by org.testng.reporters.JUnitXMLReporter -->
<testsuite ignored="4" hostname="VG" failures="2" tests="7" name="BankingApp Test" time="244.9" errors="0" timestamp="2024-02-02T19:17:38 IST">
  <testcase classname="com.inetBanking.testCases.TC_001_LoginTest" name="loginTest" time="5.749"/>
  <testcase classname="com.inetBanking.testCases.TC_002_LoginTest_DDT" name="loginDDT" time="43.989"/>
  <testcase classname="com.inetBanking.testCases.TC_002_LoginTest_DDT" name="loginDDT" time="52.772"/>
  <testcase classname="com.inetBanking.testCases.TC_002_LoginTest_DDT" name="loginDDT" time="13.002">
    <failure type="java.lang.AssertionError" message="expected [true] but found [false]">
      <![CDATA[java.lang.AssertionError: expected [true] but found [false]
at com.inetBanking.testCases.TC_002_LoginTest_DDT.loginDDT(TC_002_LoginTest_DDT.java:29)
at java.base/java.util.ArrayList.forEach(ArrayList.java:1511)
... Removed 31 stack frames]]>
    </failure>
  </testcase> <!-- loginDDT -->
  <testcase classname="com.inetBanking.testCases.TC_002_LoginTest_DDT" name="loginDDT" time="7.602">
    <failure type="java.lang.AssertionError" message="expected [true] but found [false]">
      <![CDATA[java.lang.AssertionError: expected [true] but found [false]
at com.inetBanking.testCases.TC_002_LoginTest_DDT.loginDDT(TC_002_LoginTest_DDT.java:29)
at java.base/java.util.ArrayList.forEach(ArrayList.java:1511)
... Removed 31 stack frames]]>
    </failure>
  </testcase> <!-- loginDDT -->
  <testcase classname="com.inetBanking.testCases.TC_002_LoginTest_DDT" name="loginDDT" time="12.995"/>
  <testcase classname="com.inetBanking.testCases.TC_003_AddCustomerTest" name="addNewCustomer" time="25.487"/>
  <testcase classname="com.inetBanking.testCases.BaseClass" name="@AfterSuite Aftersuite" time="0.0">
    <ignored/>
  </testcase> <!-- @AfterSuite Aftersuite -->
  <testcase classname="com.inetBanking.testCases.BaseClass" name="@BeforeSuite Beforesuite" time="0.0">
    <ignored/>
  </testcase> <!-- @BeforeSuite Beforesuite -->
  <testcase classname="com.inetBanking.testCases.BaseClass" name="@BeforeSuite Beforesuite" time="0.0">
    <ignored/>
  </testcase> <!-- @BeforeSuite Beforesuite -->
  <testcase classname="com.inetBanking.testCases.BaseClass" name="@AfterSuite Aftersuite" time="0.0">
    <ignored/>
  </testcase> <!-- @AfterSuite Aftersuite -->
</testsuite> <!-- BankingApp Test -->
